kotlin version: 2.0.21
error message: org.jetbrains.kotlin.backend.common.BackendException: Backend Internal error: Exception during IR lowering
File being compiled: D:/project/cyd_android/app/src/main/java/com/cyd/cyd_android/activity/HostMainActivity.kt
The root cause java.lang.RuntimeException was thrown at: org.jetbrains.kotlin.backend.jvm.codegen.FunctionCodegen.generate(FunctionCodegen.kt:47)
	at org.jetbrains.kotlin.backend.common.CodegenUtil.reportBackendException(CodegenUtil.kt:253)
	at org.jetbrains.kotlin.backend.common.CodegenUtil.reportBackendException$default(CodegenUtil.kt:236)
	at org.jetbrains.kotlin.backend.common.phaser.PerformByIrFilePhase.invokeSequential(performByIrFile.kt:65)
	at org.jetbrains.kotlin.backend.common.phaser.PerformByIrFilePhase.invoke(performByIrFile.kt:52)
	at org.jetbrains.kotlin.backend.common.phaser.PerformByIrFilePhase.invoke(performByIrFile.kt:38)
	at org.jetbrains.kotlin.backend.common.phaser.NamedCompilerPhase.phaseBody(CompilerPhase.kt:166)
	at org.jetbrains.kotlin.backend.common.phaser.AbstractNamedCompilerPhase.invoke(CompilerPhase.kt:113)
	at org.jetbrains.kotlin.backend.common.phaser.CompositePhase.invoke(PhaseBuilders.kt:27)
	at org.jetbrains.kotlin.backend.common.phaser.CompositePhase.invoke(PhaseBuilders.kt:14)
	at org.jetbrains.kotlin.backend.common.phaser.NamedCompilerPhase.phaseBody(CompilerPhase.kt:166)
	at org.jetbrains.kotlin.backend.common.phaser.AbstractNamedCompilerPhase.invoke(CompilerPhase.kt:113)
	at org.jetbrains.kotlin.backend.common.phaser.CompilerPhaseKt.invokeToplevel(CompilerPhase.kt:62)
	at org.jetbrains.kotlin.backend.jvm.JvmIrCodegenFactory.invokeCodegen(JvmIrCodegenFactory.kt:371)
	at org.jetbrains.kotlin.codegen.CodegenFactory.generateModule(CodegenFactory.kt:47)
	at org.jetbrains.kotlin.backend.jvm.JvmIrCodegenFactory.generateModuleInFrontendIRMode(JvmIrCodegenFactory.kt:433)
	at org.jetbrains.kotlin.cli.jvm.compiler.pipeline.JvmCompilerPipelineKt.generateCodeFromIr(jvmCompilerPipeline.kt:246)
	at org.jetbrains.kotlin.cli.jvm.compiler.pipeline.JvmCompilerPipelineKt.compileModulesUsingFrontendIrAndLightTree(jvmCompilerPipeline.kt:142)
	at org.jetbrains.kotlin.cli.jvm.K2JVMCompiler.doExecute(K2JVMCompiler.kt:148)
	at org.jetbrains.kotlin.cli.jvm.K2JVMCompiler.doExecute(K2JVMCompiler.kt:43)
	at org.jetbrains.kotlin.cli.common.CLICompiler.execImpl(CLICompiler.kt:103)
	at org.jetbrains.kotlin.cli.common.CLICompiler.execImpl(CLICompiler.kt:49)
	at org.jetbrains.kotlin.cli.common.CLITool.exec(CLITool.kt:101)
	at org.jetbrains.kotlin.incremental.IncrementalJvmCompilerRunner.runCompiler(IncrementalJvmCompilerRunner.kt:464)
	at org.jetbrains.kotlin.incremental.IncrementalJvmCompilerRunner.runCompiler(IncrementalJvmCompilerRunner.kt:73)
	at org.jetbrains.kotlin.incremental.IncrementalCompilerRunner.doCompile(IncrementalCompilerRunner.kt:506)
	at org.jetbrains.kotlin.incremental.IncrementalCompilerRunner.compileImpl(IncrementalCompilerRunner.kt:423)
	at org.jetbrains.kotlin.incremental.IncrementalCompilerRunner.compileNonIncrementally(IncrementalCompilerRunner.kt:301)
	at org.jetbrains.kotlin.incremental.IncrementalCompilerRunner.compile(IncrementalCompilerRunner.kt:129)
	at org.jetbrains.kotlin.daemon.CompileServiceImplBase.execIncrementalCompiler(CompileServiceImpl.kt:675)
	at org.jetbrains.kotlin.daemon.CompileServiceImplBase.access$execIncrementalCompiler(CompileServiceImpl.kt:92)
	at org.jetbrains.kotlin.daemon.CompileServiceImpl.compile(CompileServiceImpl.kt:1660)
	at java.base/jdk.internal.reflect.DirectMethodHandleAccessor.invoke(Unknown Source)
	at java.base/java.lang.reflect.Method.invoke(Unknown Source)
	at java.rmi/sun.rmi.server.UnicastServerRef.dispatch(Unknown Source)
	at java.rmi/sun.rmi.transport.Transport$1.run(Unknown Source)
	at java.rmi/sun.rmi.transport.Transport$1.run(Unknown Source)
	at java.base/java.security.AccessController.doPrivileged(Unknown Source)
	at java.rmi/sun.rmi.transport.Transport.serviceCall(Unknown Source)
	at java.rmi/sun.rmi.transport.tcp.TCPTransport.handleMessages(Unknown Source)
	at java.rmi/sun.rmi.transport.tcp.TCPTransport$ConnectionHandler.run0(Unknown Source)
	at java.rmi/sun.rmi.transport.tcp.TCPTransport$ConnectionHandler.lambda$run$0(Unknown Source)
	at java.base/java.security.AccessController.doPrivileged(Unknown Source)
	at java.rmi/sun.rmi.transport.tcp.TCPTransport$ConnectionHandler.run(Unknown Source)
	at java.base/java.util.concurrent.ThreadPoolExecutor.runWorker(Unknown Source)
	at java.base/java.util.concurrent.ThreadPoolExecutor$Worker.run(Unknown Source)
	at java.base/java.lang.Thread.run(Unknown Source)
Caused by: java.lang.RuntimeException: Exception while generating code for:
FUN LOCAL_FUNCTION_FOR_LAMBDA name:loadAndShowPlugins$lambda$5$lambda$4 visibility:private modality:FINAL <> ($plugins:kotlin.collections.List<com.cyd.pluginframework.PluginInfo>, this$0:com.cyd.cyd_android.activity.HostMainActivity) returnType:kotlin.Unit
  VALUE_PARAMETER BOUND_VALUE_PARAMETER name:$plugins index:0 type:kotlin.collections.List<com.cyd.pluginframework.PluginInfo>
  VALUE_PARAMETER BOUND_VALUE_PARAMETER name:this$0 index:1 type:com.cyd.cyd_android.activity.HostMainActivity
  BLOCK_BODY
    WHEN type=kotlin.Unit origin=IF
      BRANCH
        if: CALL 'public abstract fun isEmpty (): kotlin.Boolean declared in kotlin.collections.List' type=kotlin.Boolean origin=null
          $this: GET_VAR '$plugins: kotlin.collections.List<com.cyd.pluginframework.PluginInfo> declared in com.cyd.cyd_android.activity.HostMainActivity.loadAndShowPlugins$lambda$5$lambda$4' type=kotlin.collections.List<com.cyd.pluginframework.PluginInfo> origin=null
        then: BLOCK type=kotlin.Unit origin=null
          VAR name:noPluginView type:android.widget.TextView [val]
            CALL 'public final fun apply <T> (block: @[ExtensionFunctionType] kotlin.Function1<T of kotlin.StandardKt.apply, kotlin.Unit>): T of kotlin.StandardKt.apply [inline] declared in kotlin.StandardKt' type=android.widget.TextView origin=null
              <T>: android.widget.TextView
              $receiver: CONSTRUCTOR_CALL 'public constructor <init> (p0: @[FlexibleNullability] android.content.Context?) declared in android.widget.TextView' type=android.widget.TextView origin=null
                p0: GET_VAR 'this$0: com.cyd.cyd_android.activity.HostMainActivity declared in com.cyd.cyd_android.activity.HostMainActivity.loadAndShowPlugins$lambda$5$lambda$4' type=com.cyd.cyd_android.activity.HostMainActivity origin=null
              block: BLOCK type=@[ExtensionFunctionType] kotlin.Function1<android.widget.TextView, kotlin.Unit> origin=LAMBDA
                COMPOSITE type=kotlin.Unit origin=null
                FUNCTION_REFERENCE 'private final fun loadAndShowPlugins$lambda$5$lambda$4$lambda$1 (this$0: com.cyd.cyd_android.activity.HostMainActivity): kotlin.Unit declared in com.cyd.cyd_android.activity.HostMainActivity' type=@[ExtensionFunctionType] kotlin.Function1<android.widget.TextView, kotlin.Unit> origin=INLINE_LAMBDA reflectionTarget=null
                  this$0: GET_VAR 'this$0: com.cyd.cyd_android.activity.HostMainActivity declared in com.cyd.cyd_android.activity.HostMainActivity.loadAndShowPlugins$lambda$5$lambda$4' type=com.cyd.cyd_android.activity.HostMainActivity origin=null
          CALL 'public open fun addView (p0: @[FlexibleNullability] android.view.View?): kotlin.Unit [fake_override] declared in android.widget.LinearLayout' type=kotlin.Unit origin=null
            $this: BLOCK type=android.widget.LinearLayout origin=FOLDED_ELVIS
              WHEN type=android.widget.LinearLayout origin=FOLDED_ELVIS
                BRANCH
                  if: COMPOSITE type=kotlin.Boolean origin=null
                    VAR IR_TEMPORARY_VARIABLE name:tmp0 type:android.widget.LinearLayout? [val]
                      GET_FIELD 'FIELD PROPERTY_BACKING_FIELD name:pluginContainer type:android.widget.LinearLayout? visibility:private' type=android.widget.LinearLayout? origin=null
                        receiver: GET_VAR 'this$0: com.cyd.cyd_android.activity.HostMainActivity declared in com.cyd.cyd_android.activity.HostMainActivity.loadAndShowPlugins$lambda$5$lambda$4' type=com.cyd.cyd_android.activity.HostMainActivity origin=null
                    CALL 'public final fun not (): kotlin.Boolean [operator] declared in kotlin.Boolean' type=kotlin.Boolean origin=null
                      $this: CALL 'public final fun EQEQ (arg0: kotlin.Any?, arg1: kotlin.Any?): kotlin.Boolean declared in kotlin.internal.ir' type=kotlin.Boolean origin=null
                        arg0: GET_VAR 'val tmp0: android.widget.LinearLayout? [val] declared in com.cyd.cyd_android.activity.HostMainActivity.loadAndShowPlugins$lambda$5$lambda$4' type=android.widget.LinearLayout? origin=null
                        arg1: CONST Null type=kotlin.Nothing? value=null
                  then: GET_VAR 'val tmp0: android.widget.LinearLayout? [val] declared in com.cyd.cyd_android.activity.HostMainActivity.loadAndShowPlugins$lambda$5$lambda$4' type=android.widget.LinearLayout? origin=null
                BRANCH
                  if: CONST Boolean type=kotlin.Boolean value=true
                  then: BLOCK type=kotlin.Unit origin=null
                    CALL 'public final fun throwUninitializedPropertyAccessException (propertyName: kotlin.String): kotlin.Unit declared in kotlin.jvm.internal.Intrinsics' type=kotlin.Unit origin=null
                      propertyName: CONST String type=kotlin.String value="pluginContainer"
            p0: GET_VAR 'val noPluginView: android.widget.TextView [val] declared in com.cyd.cyd_android.activity.HostMainActivity.loadAndShowPlugins$lambda$5$lambda$4' type=android.widget.TextView origin=null
      BRANCH
        if: CONST Boolean type=kotlin.Boolean value=true
        then: BLOCK type=kotlin.Unit origin=null
          CALL 'public final fun forEach <T> (action: kotlin.Function1<T of kotlin.collections.CollectionsKt.forEach, kotlin.Unit>): kotlin.Unit [inline] declared in kotlin.collections.CollectionsKt' type=kotlin.Unit origin=null
            <T>: com.cyd.pluginframework.PluginInfo
            $receiver: GET_VAR '$plugins: kotlin.collections.List<com.cyd.pluginframework.PluginInfo> declared in com.cyd.cyd_android.activity.HostMainActivity.loadAndShowPlugins$lambda$5$lambda$4' type=kotlin.collections.List<com.cyd.pluginframework.PluginInfo> origin=null
            action: BLOCK type=kotlin.Function1<com.cyd.pluginframework.PluginInfo, kotlin.Unit> origin=LAMBDA
              COMPOSITE type=kotlin.Unit origin=null
              FUNCTION_REFERENCE 'private final fun loadAndShowPlugins$lambda$5$lambda$4$lambda$3 (this$0: com.cyd.cyd_android.activity.HostMainActivity, pluginInfo: com.cyd.pluginframework.PluginInfo): kotlin.Unit declared in com.cyd.cyd_android.activity.HostMainActivity' type=kotlin.Function1<com.cyd.pluginframework.PluginInfo, kotlin.Unit> origin=INLINE_LAMBDA reflectionTarget=null
                this$0: GET_VAR 'this$0: com.cyd.cyd_android.activity.HostMainActivity declared in com.cyd.cyd_android.activity.HostMainActivity.loadAndShowPlugins$lambda$5$lambda$4' type=com.cyd.cyd_android.activity.HostMainActivity origin=null

	at org.jetbrains.kotlin.backend.jvm.codegen.FunctionCodegen.generate(FunctionCodegen.kt:47)
	at org.jetbrains.kotlin.backend.jvm.codegen.FunctionCodegen.generate$default(FunctionCodegen.kt:40)
	at org.jetbrains.kotlin.backend.jvm.codegen.ClassCodegen.generateMethodNode(ClassCodegen.kt:406)
	at org.jetbrains.kotlin.backend.jvm.codegen.ClassCodegen.generateMethod(ClassCodegen.kt:423)
	at org.jetbrains.kotlin.backend.jvm.codegen.ClassCodegen.generate(ClassCodegen.kt:168)
	at org.jetbrains.kotlin.backend.jvm.FileCodegen.lower(JvmPhases.kt:39)
	at org.jetbrains.kotlin.backend.common.phaser.PhaseFactoriesKt.createFilePhase$lambda$4(PhaseFactories.kt:71)
	at org.jetbrains.kotlin.backend.common.phaser.PhaseBuildersKt$createSimpleNamedCompilerPhase$1.phaseBody(PhaseBuilders.kt:69)
	at org.jetbrains.kotlin.backend.common.phaser.SimpleNamedCompilerPhase.phaseBody(CompilerPhase.kt:226)
	at org.jetbrains.kotlin.backend.common.phaser.AbstractNamedCompilerPhase.invoke(CompilerPhase.kt:113)
	at org.jetbrains.kotlin.backend.common.phaser.PerformByIrFilePhase.invokeSequential(performByIrFile.kt:62)
	... 43 more
Caused by: java.lang.RuntimeException: Exception while generating code for:
FUN INLINE_LAMBDA name:loadAndShowPlugins$lambda$5$lambda$4$lambda$1 visibility:private modality:FINAL <> ($receiver:android.widget.TextView, this$0:com.cyd.cyd_android.activity.HostMainActivity) returnType:kotlin.Unit
  $receiver: VALUE_PARAMETER name:$this$apply type:android.widget.TextView
  VALUE_PARAMETER BOUND_VALUE_PARAMETER name:this$0 index:0 type:com.cyd.cyd_android.activity.HostMainActivity
  BLOCK_BODY
    VAR name:$i$a$-apply-HostMainActivity$loadAndShowPlugins$1$1$noPluginView$1 type:kotlin.Int [val]
      CONST Int type=kotlin.Int value=0
    CALL 'public final fun setText (p0: @[FlexibleNullability] kotlin.CharSequence?): kotlin.Unit declared in android.widget.TextView' type=kotlin.Unit origin=EQ
      $this: GET_VAR '$this$apply: android.widget.TextView declared in com.cyd.cyd_android.activity.HostMainActivity.loadAndShowPlugins$lambda$5$lambda$4$lambda$1' type=android.widget.TextView origin=null
      p0: STRING_CONCATENATION type=kotlin.String
        CONST String type=kotlin.String value="未发现任何插件，请将插件APK放入 "
        CALL 'public open fun getFilesDir (): @[FlexibleNullability] java.io.File? [fake_override] declared in com.cyd.cyd_android.activity.HostMainActivity' type=@[FlexibleNullability] java.io.File? origin=GET_PROPERTY
          $this: GET_VAR 'this$0: com.cyd.cyd_android.activity.HostMainActivity declared in com.cyd.cyd_android.activity.HostMainActivity.loadAndShowPlugins$lambda$5$lambda$4$lambda$1' type=com.cyd.cyd_android.activity.HostMainActivity origin=null
        CONST String type=kotlin.String value="/plugins 目录"
    CALL 'public open fun setTextSize (p0: kotlin.Float): kotlin.Unit declared in android.widget.TextView' type=kotlin.Unit origin=EQ
      $this: GET_VAR '$this$apply: android.widget.TextView declared in com.cyd.cyd_android.activity.HostMainActivity.loadAndShowPlugins$lambda$5$lambda$4$lambda$1' type=android.widget.TextView origin=null
      p0: CONST Float type=kotlin.Float value=14.0
    SET_FIELD 'FIELD IR_EXTERNAL_JAVA_DECLARATION_STUB name:textColor type:kotlin.Int visibility:public [final,static] declared in android.R.attr' type=kotlin.Unit superQualifierSymbol=android.R.attr origin=EQ
      value: CALL 'public open fun getColor (p0: @[NonNull] @[FlexibleNullability] android.content.Context?, p1: kotlin.Int): kotlin.Int declared in androidx.core.content.ContextCompat' type=kotlin.Int origin=null
        p0: CALL 'public final fun getContext (): @[FlexibleNullability] android.content.Context? [fake_override] declared in android.widget.TextView' type=@[FlexibleNullability] android.content.Context? origin=GET_PROPERTY
          $this: GET_VAR '$this$apply: android.widget.TextView declared in com.cyd.cyd_android.activity.HostMainActivity.loadAndShowPlugins$lambda$5$lambda$4$lambda$1' type=android.widget.TextView origin=null
        p1: GET_FIELD 'FIELD IR_EXTERNAL_JAVA_DECLARATION_STUB name:host_text_secondary type:kotlin.Int visibility:public [static] declared in com.cyd.cyd_android.R.color' type=kotlin.Int superQualifierSymbol=com.cyd.cyd_android.R.color origin=null
    VAR name:paddingPx type:kotlin.Int [val]
      CALL 'private final fun dpToPx (dp: kotlin.Int): kotlin.Int declared in com.cyd.cyd_android.activity.HostMainActivity' type=kotlin.Int origin=null
        $this: GET_VAR 'this$0: com.cyd.cyd_android.activity.HostMainActivity declared in com.cyd.cyd_android.activity.HostMainActivity.loadAndShowPlugins$lambda$5$lambda$4$lambda$1' type=com.cyd.cyd_android.activity.HostMainActivity origin=null
        dp: CONST Int type=kotlin.Int value=16
    CALL 'public open fun setPadding (p0: kotlin.Int, p1: kotlin.Int, p2: kotlin.Int, p3: kotlin.Int): kotlin.Unit declared in android.widget.TextView' type=kotlin.Unit origin=null
      $this: GET_VAR '$this$apply: android.widget.TextView declared in com.cyd.cyd_android.activity.HostMainActivity.loadAndShowPlugins$lambda$5$lambda$4$lambda$1' type=android.widget.TextView origin=null
      p0: GET_VAR 'val paddingPx: kotlin.Int [val] declared in com.cyd.cyd_android.activity.HostMainActivity.loadAndShowPlugins$lambda$5$lambda$4$lambda$1' type=kotlin.Int origin=null
      p1: GET_VAR 'val paddingPx: kotlin.Int [val] declared in com.cyd.cyd_android.activity.HostMainActivity.loadAndShowPlugins$lambda$5$lambda$4$lambda$1' type=kotlin.Int origin=null
      p2: GET_VAR 'val paddingPx: kotlin.Int [val] declared in com.cyd.cyd_android.activity.HostMainActivity.loadAndShowPlugins$lambda$5$lambda$4$lambda$1' type=kotlin.Int origin=null
      p3: GET_VAR 'val paddingPx: kotlin.Int [val] declared in com.cyd.cyd_android.activity.HostMainActivity.loadAndShowPlugins$lambda$5$lambda$4$lambda$1' type=kotlin.Int origin=null
    CALL 'public open fun setGravity (p0: kotlin.Int): kotlin.Unit declared in android.widget.TextView' type=kotlin.Unit origin=EQ
      $this: GET_VAR '$this$apply: android.widget.TextView declared in com.cyd.cyd_android.activity.HostMainActivity.loadAndShowPlugins$lambda$5$lambda$4$lambda$1' type=android.widget.TextView origin=null
      p0: CONST Int type=kotlin.Int value=17

	at org.jetbrains.kotlin.backend.jvm.codegen.FunctionCodegen.generate(FunctionCodegen.kt:47)
	at org.jetbrains.kotlin.backend.jvm.codegen.IrSourceCompilerForInline.generateLambdaBody(IrSourceCompilerForInline.kt:67)
	at org.jetbrains.kotlin.codegen.inline.ExpressionLambda.generateLambdaBody(LambdaInfo.kt:72)
	at org.jetbrains.kotlin.backend.jvm.codegen.IrInlineCodegen.genValueAndPut(IrInlineCodegen.kt:100)
	at org.jetbrains.kotlin.backend.jvm.codegen.ExpressionCodegen.visitCall$handleParameter(ExpressionCodegen.kt:616)
	at org.jetbrains.kotlin.backend.jvm.codegen.ExpressionCodegen.visitCall(ExpressionCodegen.kt:644)
	at org.jetbrains.kotlin.backend.jvm.codegen.ExpressionCodegen.visitCall(ExpressionCodegen.kt:138)
	at org.jetbrains.kotlin.ir.expressions.IrCall.accept(IrCall.kt:24)
	at org.jetbrains.kotlin.backend.jvm.codegen.ExpressionCodegen.visitVariable(ExpressionCodegen.kt:790)
	at org.jetbrains.kotlin.backend.jvm.codegen.ExpressionCodegen.visitVariable(ExpressionCodegen.kt:138)
	at org.jetbrains.kotlin.ir.declarations.IrVariable.accept(IrVariable.kt:36)
	at org.jetbrains.kotlin.backend.jvm.codegen.ExpressionCodegen.visitStatementContainer(ExpressionCodegen.kt:579)
	at org.jetbrains.kotlin.backend.jvm.codegen.ExpressionCodegen.visitContainerExpression(ExpressionCodegen.kt:593)
	at org.jetbrains.kotlin.backend.jvm.codegen.ExpressionCodegen.visitContainerExpression(ExpressionCodegen.kt:138)
	at org.jetbrains.kotlin.ir.visitors.IrElementVisitor$DefaultImpls.visitBlock(IrElementVisitor.kt:122)
	at org.jetbrains.kotlin.backend.jvm.codegen.ExpressionCodegen.visitBlock(ExpressionCodegen.kt:413)
	at org.jetbrains.kotlin.backend.jvm.codegen.ExpressionCodegen.visitBlock(ExpressionCodegen.kt:138)
	at org.jetbrains.kotlin.ir.expressions.IrBlock.accept(IrBlock.kt:18)
	at org.jetbrains.kotlin.backend.jvm.codegen.ExpressionCodegen.visitWhen(ExpressionCodegen.kt:1101)
	at org.jetbrains.kotlin.backend.jvm.codegen.ExpressionCodegen.visitWhen(ExpressionCodegen.kt:138)
	at org.jetbrains.kotlin.ir.expressions.IrWhen.accept(IrWhen.kt:24)
	at org.jetbrains.kotlin.backend.jvm.codegen.ExpressionCodegen.visitStatementContainer(ExpressionCodegen.kt:579)
	at org.jetbrains.kotlin.backend.jvm.codegen.ExpressionCodegen.visitBlockBody(ExpressionCodegen.kt:584)
	at org.jetbrains.kotlin.backend.jvm.codegen.ExpressionCodegen.visitBlockBody(ExpressionCodegen.kt:138)
	at org.jetbrains.kotlin.ir.expressions.IrBlockBody.accept(IrBlockBody.kt:20)
	at org.jetbrains.kotlin.backend.jvm.codegen.ExpressionCodegen.generate(ExpressionCodegen.kt:240)
	at org.jetbrains.kotlin.backend.jvm.codegen.FunctionCodegen.doGenerate(FunctionCodegen.kt:123)
	at org.jetbrains.kotlin.backend.jvm.codegen.FunctionCodegen.generate(FunctionCodegen.kt:44)
	... 53 more
Caused by: java.lang.AssertionError: access of const val: SET_FIELD 'FIELD IR_EXTERNAL_JAVA_DECLARATION_STUB name:textColor type:kotlin.Int visibility:public [final,static] declared in android.R.attr' type=kotlin.Unit superQualifierSymbol=android.R.attr origin=EQ
  value: CALL 'public open fun getColor (p0: @[NonNull] @[FlexibleNullability] android.content.Context?, p1: kotlin.Int): kotlin.Int declared in androidx.core.content.ContextCompat' type=kotlin.Int origin=null
    p0: CALL 'public final fun getContext (): @[FlexibleNullability] android.content.Context? [fake_override] declared in android.widget.TextView' type=@[FlexibleNullability] android.content.Context? origin=GET_PROPERTY
      $this: GET_VAR '$this$apply: android.widget.TextView declared in com.cyd.cyd_android.activity.HostMainActivity.loadAndShowPlugins$lambda$5$lambda$4$lambda$1' type=android.widget.TextView origin=null
    p1: GET_FIELD 'FIELD IR_EXTERNAL_JAVA_DECLARATION_STUB name:host_text_secondary type:kotlin.Int visibility:public [static] declared in com.cyd.cyd_android.R.color' type=kotlin.Int superQualifierSymbol=com.cyd.cyd_android.R.color origin=null

	at org.jetbrains.kotlin.backend.jvm.codegen.ExpressionCodegen.visitFieldAccess(ExpressionCodegen.kt:861)
	at org.jetbrains.kotlin.backend.jvm.codegen.ExpressionCodegen.visitFieldAccess(ExpressionCodegen.kt:138)
	at org.jetbrains.kotlin.ir.visitors.IrElementVisitor$DefaultImpls.visitSetField(IrElementVisitor.kt:206)
	at org.jetbrains.kotlin.backend.jvm.codegen.ExpressionCodegen.visitSetField(ExpressionCodegen.kt:908)
	at org.jetbrains.kotlin.backend.jvm.codegen.ExpressionCodegen.visitSetField(ExpressionCodegen.kt:138)
	at org.jetbrains.kotlin.ir.expressions.IrSetField.accept(IrSetField.kt:21)
	at org.jetbrains.kotlin.backend.jvm.codegen.ExpressionCodegen.visitStatementContainer(ExpressionCodegen.kt:579)
	at org.jetbrains.kotlin.backend.jvm.codegen.ExpressionCodegen.visitBlockBody(ExpressionCodegen.kt:584)
	at org.jetbrains.kotlin.backend.jvm.codegen.ExpressionCodegen.visitBlockBody(ExpressionCodegen.kt:138)
	at org.jetbrains.kotlin.ir.expressions.IrBlockBody.accept(IrBlockBody.kt:20)
	at org.jetbrains.kotlin.backend.jvm.codegen.ExpressionCodegen.generate(ExpressionCodegen.kt:240)
	at org.jetbrains.kotlin.backend.jvm.codegen.FunctionCodegen.doGenerate(FunctionCodegen.kt:123)
	at org.jetbrains.kotlin.backend.jvm.codegen.FunctionCodegen.generate(FunctionCodegen.kt:44)
	... 80 more


